<?xml version="1.0" encoding="UTF-8"?>
<testsuite xmlns:xsi="http://www.w3.org/2001/XMLSchema-instance" xsi:noNamespaceSchemaLocation="https://maven.apache.org/surefire/maven-surefire-plugin/xsd/surefire-test-report-3.0.xsd" version="3.0" name="com.logistics.routeoptimizer.DeliveryRouteOptimizerTest" time="0.037" tests="8" errors="0" skipped="0" failures="0">
  <properties>
    <property name="java.specification.version" value="21"/>
    <property name="sun.cpu.isalist" value="amd64"/>
    <property name="sun.jnu.encoding" value="Cp1251"/>
    <property name="java.class.path" value="D:\423\Delivery-path\target\test-classes;D:\423\Delivery-path\target\classes;C:\Users\danik\.m2\repository\org\junit\jupiter\junit-jupiter\5.8.2\junit-jupiter-5.8.2.jar;C:\Users\danik\.m2\repository\org\junit\jupiter\junit-jupiter-api\5.8.2\junit-jupiter-api-5.8.2.jar;C:\Users\danik\.m2\repository\org\opentest4j\opentest4j\1.2.0\opentest4j-1.2.0.jar;C:\Users\danik\.m2\repository\org\junit\platform\junit-platform-commons\1.8.2\junit-platform-commons-1.8.2.jar;C:\Users\danik\.m2\repository\org\apiguardian\apiguardian-api\1.1.2\apiguardian-api-1.1.2.jar;C:\Users\danik\.m2\repository\org\junit\jupiter\junit-jupiter-params\5.8.2\junit-jupiter-params-5.8.2.jar;C:\Users\danik\.m2\repository\org\junit\jupiter\junit-jupiter-engine\5.8.2\junit-jupiter-engine-5.8.2.jar;C:\Users\danik\.m2\repository\org\junit\platform\junit-platform-engine\1.8.2\junit-platform-engine-1.8.2.jar;C:\Users\danik\.m2\repository\org\openjfx\javafx-controls\21\javafx-controls-21.jar;C:\Users\danik\.m2\repository\org\openjfx\javafx-controls\21\javafx-controls-21-win.jar;C:\Users\danik\.m2\repository\org\openjfx\javafx-graphics\21\javafx-graphics-21.jar;C:\Users\danik\.m2\repository\org\openjfx\javafx-graphics\21\javafx-graphics-21-win.jar;C:\Users\danik\.m2\repository\org\openjfx\javafx-base\21\javafx-base-21.jar;C:\Users\danik\.m2\repository\org\openjfx\javafx-base\21\javafx-base-21-win.jar;"/>
    <property name="java.vm.vendor" value="Eclipse Adoptium"/>
    <property name="sun.arch.data.model" value="64"/>
    <property name="user.variant" value=""/>
    <property name="java.vendor.url" value="https://adoptium.net/"/>
    <property name="user.timezone" value="Europe/Moscow"/>
    <property name="os.name" value="Windows 10"/>
    <property name="java.vm.specification.version" value="21"/>
    <property name="sun.java.launcher" value="SUN_STANDARD"/>
    <property name="user.country" value="RU"/>
    <property name="sun.boot.library.path" value="C:\Program Files\Eclipse Adoptium\jdk-21.0.7.6-hotspot\bin"/>
    <property name="sun.java.command" value="C:\Users\danik\AppData\Local\Temp\surefire17128642452075886085\surefirebooter11842717793488674632.jar C:\Users\danik\AppData\Local\Temp\surefire17128642452075886085 2025-06-21T13-31-37_357-jvmRun1 surefire18077454782589626178tmp surefire_03597818096095362317tmp"/>
    <property name="jdk.debug" value="release"/>
    <property name="surefire.test.class.path" value="D:\423\Delivery-path\target\test-classes;D:\423\Delivery-path\target\classes;C:\Users\danik\.m2\repository\org\junit\jupiter\junit-jupiter\5.8.2\junit-jupiter-5.8.2.jar;C:\Users\danik\.m2\repository\org\junit\jupiter\junit-jupiter-api\5.8.2\junit-jupiter-api-5.8.2.jar;C:\Users\danik\.m2\repository\org\opentest4j\opentest4j\1.2.0\opentest4j-1.2.0.jar;C:\Users\danik\.m2\repository\org\junit\platform\junit-platform-commons\1.8.2\junit-platform-commons-1.8.2.jar;C:\Users\danik\.m2\repository\org\apiguardian\apiguardian-api\1.1.2\apiguardian-api-1.1.2.jar;C:\Users\danik\.m2\repository\org\junit\jupiter\junit-jupiter-params\5.8.2\junit-jupiter-params-5.8.2.jar;C:\Users\danik\.m2\repository\org\junit\jupiter\junit-jupiter-engine\5.8.2\junit-jupiter-engine-5.8.2.jar;C:\Users\danik\.m2\repository\org\junit\platform\junit-platform-engine\1.8.2\junit-platform-engine-1.8.2.jar;C:\Users\danik\.m2\repository\org\openjfx\javafx-controls\21\javafx-controls-21.jar;C:\Users\danik\.m2\repository\org\openjfx\javafx-controls\21\javafx-controls-21-win.jar;C:\Users\danik\.m2\repository\org\openjfx\javafx-graphics\21\javafx-graphics-21.jar;C:\Users\danik\.m2\repository\org\openjfx\javafx-graphics\21\javafx-graphics-21-win.jar;C:\Users\danik\.m2\repository\org\openjfx\javafx-base\21\javafx-base-21.jar;C:\Users\danik\.m2\repository\org\openjfx\javafx-base\21\javafx-base-21-win.jar;"/>
    <property name="sun.cpu.endian" value="little"/>
    <property name="user.home" value="C:\Users\danik"/>
    <property name="user.language" value="ru"/>
    <property name="java.specification.vendor" value="Oracle Corporation"/>
    <property name="java.version.date" value="2025-04-15"/>
    <property name="java.home" value="C:\Program Files\Eclipse Adoptium\jdk-21.0.7.6-hotspot"/>
    <property name="file.separator" value="\"/>
    <property name="basedir" value="D:\423\Delivery-path"/>
    <property name="java.vm.compressedOopsMode" value="Zero based"/>
    <property name="line.separator" value="&#10;"/>
    <property name="java.vm.specification.vendor" value="Oracle Corporation"/>
    <property name="java.specification.name" value="Java Platform API Specification"/>
    <property name="surefire.real.class.path" value="C:\Users\danik\AppData\Local\Temp\surefire17128642452075886085\surefirebooter11842717793488674632.jar"/>
    <property name="user.script" value=""/>
    <property name="sun.management.compiler" value="HotSpot 64-Bit Tiered Compilers"/>
    <property name="java.runtime.version" value="21.0.7+6-LTS"/>
    <property name="user.name" value="danik"/>
    <property name="stdout.encoding" value="Cp1251"/>
    <property name="path.separator" value=";"/>
    <property name="os.version" value="10.0"/>
    <property name="java.runtime.name" value="OpenJDK Runtime Environment"/>
    <property name="file.encoding" value="UTF-8"/>
    <property name="java.vm.name" value="OpenJDK 64-Bit Server VM"/>
    <property name="java.vendor.version" value="Temurin-21.0.7+6"/>
    <property name="localRepository" value="C:\Users\danik\.m2\repository"/>
    <property name="java.vendor.url.bug" value="https://github.com/adoptium/adoptium-support/issues"/>
    <property name="java.io.tmpdir" value="C:\Users\danik\AppData\Local\Temp\"/>
    <property name="java.version" value="21.0.7"/>
    <property name="user.dir" value="D:\423\Delivery-path"/>
    <property name="os.arch" value="amd64"/>
    <property name="java.vm.specification.name" value="Java Virtual Machine Specification"/>
    <property name="sun.os.patch.level" value=""/>
    <property name="native.encoding" value="Cp1251"/>
    <property name="java.library.path" value="C:\Program Files\Eclipse Adoptium\jdk-21.0.7.6-hotspot\bin;C:\Windows\Sun\Java\bin;C:\Windows\system32;C:\Windows;C:\Program Files\Eclipse Adoptium\jdk-21.0.7.6-hotspot\bin;C:\Program Files (x86)\Common Files\Oracle\Java\java8path;C:\Program Files (x86)\Common Files\Oracle\Java\javapath;C:\Windows\system32;C:\Windows;C:\Windows\System32\Wbem;C:\Windows\System32\WindowsPowerShell\v1.0\;C:\Windows\System32\OpenSSH\;C:\Program Files (x86)\NVIDIA Corporation\PhysX\Common;C:\Program Files\Git\cmd;C:\Program Files\dotnet\;C:\Program Files (x86)\Windows Kits\10\Windows Performance Toolkit\;C:\Program Files\AmneziaWG\;C:\Program Files\NVIDIA Corporation\NVIDIA app\NvDLISR;C:\Program Files\nodejs\;C:\Program Files\Cloudflare\Cloudflare WARP\;C:\Program Files\Docker\Docker\resources\bin;C:\maven\bin;C:\Users\danik\AppData\Local\Programs\Python\Launcher\;C:\Ruby33-x64\bin;C:\Users\danik\AppData\Local\Microsoft\WindowsApps;C:\Users\danik\AppData\Local\GitHubDesktop\bin;C:\Users\danik\.dotnet\tools;C:\Users\danik\AppData\Local\Programs\Microsoft VS Code\bin;C:\Users\danik\AppData\Local\Google\Cloud SDK\google-cloud-sdk\bin;C:\Users\danik\AppData\Roaming\npm;C:\Program Files\JetBrains\IntelliJ IDEA Community Edition 2024.3.2\bin;;C:\Program Files (x86)\apache-maven-3.9.9\bin;;."/>
    <property name="java.vm.info" value="mixed mode, sharing"/>
    <property name="stderr.encoding" value="Cp1251"/>
    <property name="java.vendor" value="Eclipse Adoptium"/>
    <property name="java.vm.version" value="21.0.7+6-LTS"/>
    <property name="sun.io.unicode.encoding" value="UnicodeLittle"/>
    <property name="java.class.version" value="65.0"/>
  </properties>
  <testcase name="testImpossibleDelivery" classname="com.logistics.routeoptimizer.DeliveryRouteOptimizerTest" time="0.015"/>
  <testcase name="testSimpleDeliveryRoute" classname="com.logistics.routeoptimizer.DeliveryRouteOptimizerTest" time="0.001"/>
  <testcase name="testMultipleOrdersSameLocation" classname="com.logistics.routeoptimizer.DeliveryRouteOptimizerTest" time="0.001"/>
  <testcase name="testEmptyOrders" classname="com.logistics.routeoptimizer.DeliveryRouteOptimizerTest" time="0.002"/>
  <testcase name="testInvalidStartLocation" classname="com.logistics.routeoptimizer.DeliveryRouteOptimizerTest" time="0.001"/>
  <testcase name="testMinimalDistanceMultipleValidRoutes" classname="com.logistics.routeoptimizer.DeliveryRouteOptimizerTest" time="0"/>
  <testcase name="testLargeNumberOfLocations" classname="com.logistics.routeoptimizer.DeliveryRouteOptimizerTest" time="0.003"/>
  <testcase name="testInvalidOrderLocation" classname="com.logistics.routeoptimizer.DeliveryRouteOptimizerTest" time="0.004"/>
</testsuite>